info it worked if it ends with ok
verbose cli [ 'node', '/usr/local/bin/npm', 'install', 'engineyard' ]
info using npm@1.0.106
info using node@v0.6.1
verbose /usr/local/bin/node node symlink
verbose config file /Users/coderoshi/.npmrc
verbose config file /usr/local/etc/npmrc
verbose config file /usr/local/lib/node_modules/npm/npmrc
silly testEngine { author: { name: 'Eric Redmond', email: 'eric@mongohq.com' },
silly testEngine   name: 'nodejs-mongohq-connection',
silly testEngine   description: 'MongoHQ NodeJS and MongoDB Connector',
silly testEngine   version: '0.0.1',
silly testEngine   preferGlobal: 'true',
silly testEngine   repository: 
silly testEngine    { type: 'git',
silly testEngine      url: 'git://github.com/coderoshi/nodejs-mongohq-connection.git' },
silly testEngine   keywords: [ 'mongohq', 'mongodb', 'nodejs', 'http' ],
silly testEngine   engines: { node: '>0.4.3' },
silly testEngine   dependencies: { mongodb: '=0.9.6-23', mongoskin: '=0.1.3' },
silly testEngine   directories: { lib: './lib' },
silly testEngine   _npmUser: { name: 'coderoshi', email: 'eric@mongohq.com' },
silly testEngine   _id: 'nodejs-mongohq-connection@0.0.1',
silly testEngine   scripts: { start: 'node server.js' },
silly testEngine   devDependencies: {},
silly testEngine   _engineSupported: true,
silly testEngine   _npmVersion: '1.0.106',
silly testEngine   _nodeVersion: 'v0.6.1',
silly testEngine   _defaultsLoaded: true }
verbose caching /Users/coderoshi/Code/nodejs-mongo-connection/package.json
verbose loadDefaults nodejs-mongohq-connection@0.0.1
silly testEngine { name: 'mongodb',
silly testEngine   description: 'A node.js driver for MongoDB',
silly testEngine   keywords: [ 'mongodb', 'mongo', 'driver', 'db' ],
silly testEngine   version: '0.9.6-23',
silly testEngine   author: { name: 'Christian Amor Kvalheim', email: 'christkv@gmail.com' },
silly testEngine   contributors: 
silly testEngine    [ { name: 'Aaron Heckmann' },
silly testEngine      { name: 'Christoph Pojer' },
silly testEngine      { name: 'Pau Ramon Revilla' },
silly testEngine      { name: 'Nathan White' },
silly testEngine      { name: 'Emmerman' },
silly testEngine      { name: 'Seth LaForge' },
silly testEngine      { name: 'Boris Filipov' },
silly testEngine      { name: 'Stefan Schärmeli' },
silly testEngine      { name: 'Tedde Lundgren' },
silly testEngine      { name: 'renctan' },
silly testEngine      { name: 'Sergey Ukustov' },
silly testEngine      { name: 'Ciaran Jessup' },
silly testEngine      { name: 'kuno' },
silly testEngine      { name: 'srimonti' },
silly testEngine      { name: 'Erik Abele' },
silly testEngine      { name: 'Pratik Daga' },
silly testEngine      { name: 'Slobodan Utvic' },
silly testEngine      { name: 'Kristina Chodorow' },
silly testEngine      { name: 'Yonathan Randolph' },
silly testEngine      { name: 'Brian Noguchi' },
silly testEngine      { name: 'Sam Epstein' },
silly testEngine      { name: 'James Harrison Fisher' },
silly testEngine      { name: 'Vladimir Dronnikov' },
silly testEngine      { name: 'Ben Hockey' },
silly testEngine      { name: 'Henrik Johansson' },
silly testEngine      { name: 'Simon Weare' },
silly testEngine      { name: 'Alex Gorbatchev' },
silly testEngine      { name: 'Shimon Doodkin' },
silly testEngine      { name: 'Kyle Mueller' },
silly testEngine      { name: 'Eran Hammer-Lahav' },
silly testEngine      { name: 'Marcin Ciszak' },
silly testEngine      { name: 'François de Metz' },
silly testEngine      { name: 'Vinay Pulim' },
silly testEngine      { name: 'nstielau' },
silly testEngine      { name: 'Adam Wiggins' },
silly testEngine      { name: 'entrinzikyl' },
silly testEngine      { name: 'Jeremy Selier' },
silly testEngine      { name: 'Ian Millington' },
silly testEngine      { name: 'Public Keating' },
silly testEngine      { name: 'andrewjstone' },
silly testEngine      { name: 'Christopher Stott' },
silly testEngine      { name: 'Corey Jewett' },
silly testEngine      { name: 'brettkiefer' },
silly testEngine      { name: 'Rob Holland' },
silly testEngine      { name: 'Senmiao Liu' },
silly testEngine      { name: 'heroic' },
silly testEngine      { name: 'gitfy' },
silly testEngine      { name: 'Andrew Stone' } ],
silly testEngine   repository: 
silly testEngine    { type: 'git',
silly testEngine      url: 'git://github.com/christkv/node-mongodb-native.git' },
silly testEngine   bugs: 
silly testEngine    { email: 'node-mongodb-native@googlegroups.com',
silly testEngine      url: 'http://github.com/christkv/node-mongodb-native/issues' },
silly testEngine   os: [ 'linux', 'darwin', 'freebsd' ],
silly testEngine   config: { native: false },
silly testEngine   main: './lib/mongodb/index',
silly testEngine   directories: { lib: './lib/mongodb' },
silly testEngine   engines: { node: '>=0.4.0' },
silly testEngine   scripts: { install: 'bash ./install.sh' },
silly testEngine   licenses: 
silly testEngine    [ { type: 'Apache License, Version 2.0',
silly testEngine        url: 'http://www.apache.org/licenses/LICENSE-2.0' } ],
silly testEngine   _npmUser: { name: 'coderoshi', email: 'eric@mongohq.com' },
silly testEngine   _id: 'mongodb@0.9.6-23',
silly testEngine   dependencies: {},
silly testEngine   devDependencies: {},
silly testEngine   _engineSupported: true,
silly testEngine   _npmVersion: '1.0.106',
silly testEngine   _nodeVersion: 'v0.6.1',
silly testEngine   _defaultsLoaded: true }
verbose caching /Users/coderoshi/Code/nodejs-mongo-connection/node_modules/mongodb/package.json
verbose loadDefaults mongodb@0.9.6-23
silly testEngine { name: 'mongoskin',
silly testEngine   description: 'The future layer above node-mongodb-native',
silly testEngine   version: '0.1.3',
silly testEngine   author: { name: 'Jason Green', email: 'guileen@gmail.com' },
silly testEngine   repository: 
silly testEngine    { type: 'git',
silly testEngine      url: 'git://github.com/guileen/node-mongoskin.git' },
silly testEngine   bugs: 
silly testEngine    { email: 'guileen@gmail.com',
silly testEngine      url: 'http://github.com/guileen/node-mongoskin/issues' },
silly testEngine   main: 'index',
silly testEngine   keywords: [ 'mongodb' ],
silly testEngine   engines: { node: '*' },
silly testEngine   dependencies: { mongodb: '*' },
silly testEngine   devDependencies: {},
silly testEngine   directories: { lib: 'lib/mongoskin' },
silly testEngine   _npmUser: { name: 'coderoshi', email: 'eric@mongohq.com' },
silly testEngine   _id: 'mongoskin@0.1.3',
silly testEngine   _engineSupported: true,
silly testEngine   _npmVersion: '1.0.106',
silly testEngine   _nodeVersion: 'v0.6.1',
silly testEngine   _defaultsLoaded: true }
verbose caching /Users/coderoshi/Code/nodejs-mongo-connection/node_modules/mongoskin/package.json
verbose loadDefaults mongoskin@0.1.3
verbose from cache /Users/coderoshi/Code/nodejs-mongo-connection/package.json
verbose into /Users/coderoshi/Code/nodejs-mongo-connection [ 'engineyard' ]
verbose cache add engineyard
verbose cache add [ 'engineyard', null ]
silly cache add: name, spec, args [ undefined, 'engineyard', [ 'engineyard', null ] ]
verbose parsed url { pathname: 'engineyard',
verbose parsed url   path: 'engineyard',
verbose parsed url   href: 'engineyard' }
info addNamed [ 'engineyard', '' ]
verbose addNamed [ null, '' ]
verbose GET engineyard
verbose raw, before any munging engineyard
verbose url resolving [ 'https://registry.npmjs.org/', './engineyard' ]
verbose url resolved https://registry.npmjs.org/engineyard
silly get cb [ 404,
silly get cb   { server: 'CouchDB/1.1.0 (Erlang OTP/R14B04)',
silly get cb     date: 'Sat, 31 Dec 2011 22:44:26 GMT',
silly get cb     'content-type': 'application/json',
silly get cb     'content-length': '52',
silly get cb     'cache-control': 'must-revalidate' } ]
ERR! 404 'engineyard' is not in the npm registry.
ERR! 404 You could maybe bug the author to publish it
ERR! 404 Note that you can also install from a tarball or folder.
ERR! 
ERR! System Darwin 11.2.0
ERR! command "node" "/usr/local/bin/npm" "install" "engineyard"
ERR! cwd /Users/coderoshi/Code/nodejs-mongo-connection
ERR! node -v v0.6.1
ERR! npm -v 1.0.106
ERR! code E404
verbose exit [ 1, true ]
